<?xml version="1.0" encoding="UTF-8"?>
<!-- Generated by org.testng.reporters.JUnitReportReporter -->
<testsuite hostname="DESKTOP-FD4QRKI" failures="0" tests="1" name="com.depositToAccount.MakeADepositAllAccountsTest" time="10.019" errors="0" timestamp="2022-08-21T11:30:48 IST" skipped="0">
  <testcase classname="com.depositToAccount.MakeADepositAllAccountsTest" name="makeADepositIntoAllAccount" time="10.019"/>
  <system-out/>
</testsuite> <!-- com.depositToAccount.MakeADepositAllAccountsTest -->
