<?xml version="1.0" encoding="UTF-8"?>
<!-- Generated by org.testng.reporters.JUnitReportReporter -->
<testsuite hostname="DESKTOP-FD4QRKI" failures="0" tests="1" name="com.mykidsbank.MakeADepositTest" time="10.082" errors="0" timestamp="2022-08-12T11:10:57 IST" skipped="0">
  <testcase classname="com.mykidsbank.MakeADepositTest" name="makeADepsoitToSpecificAccount" time="10.082"/>
  <system-out/>
</testsuite> <!-- com.mykidsbank.MakeADepositTest -->
