<?xml version="1.0" encoding="UTF-8"?>
<!-- Generated by org.testng.reporters.JUnitReportReporter -->
<testsuite hostname="DESKTOP-FD4QRKI" failures="0" tests="1" name="com.mykidsbank.MakeAWithdrawFromAllAccountsTest" time="10.603" errors="0" timestamp="2022-08-12T11:10:57 IST" skipped="0">
  <testcase classname="com.mykidsbank.MakeAWithdrawFromAllAccountsTest" name="makeAWithdrawFromAllAccounts" time="10.603"/>
  <system-out/>
</testsuite> <!-- com.mykidsbank.MakeAWithdrawFromAllAccountsTest -->
