<?xml version="1.0" encoding="UTF-8"?>
<!-- Generated by org.testng.reporters.JUnitReportReporter -->
<testsuite hostname="DESKTOP-FD4QRKI" failures="0" tests="1" name="com.mykidsbank.DeleteDepositAccountsTest" time="12.015" errors="0" timestamp="2022-08-12T11:05:10 IST" skipped="0">
  <testcase classname="com.mykidsbank.DeleteDepositAccountsTest" name="deleteDepositAccounts" time="12.015"/>
  <system-out/>
</testsuite> <!-- com.mykidsbank.DeleteDepositAccountsTest -->
