<?xml version="1.0" encoding="UTF-8"?>
<!-- Generated by org.testng.reporters.JUnitReportReporter -->
<testsuite hostname="DESKTOP-FD4QRKI" failures="0" tests="1" name="com.mykidsbank.MakeADepositAllAccountsTest" time="10.379" errors="0" timestamp="2022-08-12T11:10:57 IST" skipped="0">
  <testcase classname="com.mykidsbank.MakeADepositAllAccountsTest" name="makeADepositIntoAllAccount" time="10.379"/>
  <system-out/>
</testsuite> <!-- com.mykidsbank.MakeADepositAllAccountsTest -->
