<?xml version="1.0" encoding="UTF-8"?>
<!-- Generated by org.testng.reporters.JUnitReportReporter -->
<testsuite hostname="DESKTOP-FD4QRKI" failures="0" tests="1" name="com.createAccount.CreateNewDepositAccountTest" time="11.832" errors="0" timestamp="2022-08-12T15:35:08 IST" skipped="0">
  <testcase classname="com.createAccount.CreateNewDepositAccountTest" name="createNewDepositAccount" time="11.832"/>
  <system-out/>
</testsuite> <!-- com.createAccount.CreateNewDepositAccountTest -->
