<?xml version="1.0" encoding="UTF-8"?>
<!-- Generated by org.testng.reporters.JUnitReportReporter -->
<testsuite hostname="DESKTOP-FD4QRKI" failures="0" tests="1" name="com.automaticTransactions.SetAutomationWithdrawalToAllAccountsTest" time="11.519" errors="0" timestamp="2022-08-12T15:35:08 IST" skipped="0">
  <testcase classname="com.automaticTransactions.SetAutomationWithdrawalToAllAccountsTest" name="setAutomationWithdrawal" time="11.519"/>
  <system-out/>
</testsuite> <!-- com.automaticTransactions.SetAutomationWithdrawalToAllAccountsTest -->
