<?xml version="1.0" encoding="UTF-8"?>
<!-- Generated by org.testng.reporters.JUnitReportReporter -->
<testsuite hostname="DESKTOP-FD4QRKI" failures="0" tests="1" name="com.withdrawFromAccount.MakeAWithdrawTest" time="9.416" errors="0" timestamp="2022-08-12T15:35:08 IST" skipped="0">
  <testcase classname="com.withdrawFromAccount.MakeAWithdrawTest" name="makeAWithdraw" time="9.416"/>
  <system-out/>
</testsuite> <!-- com.withdrawFromAccount.MakeAWithdrawTest -->
