<?xml version="1.0" encoding="UTF-8"?>
<!-- Generated by org.testng.reporters.JUnitReportReporter -->
<testsuite hostname="DESKTOP-FD4QRKI" failures="0" tests="1" name="com.withdrawFromAccount.MakeAWithdrawFromAllAccountsTest" time="9.951" errors="0" timestamp="2022-08-21T11:30:48 IST" skipped="0">
  <testcase classname="com.withdrawFromAccount.MakeAWithdrawFromAllAccountsTest" name="makeAWithdrawFromAllAccounts" time="9.951"/>
  <system-out/>
</testsuite> <!-- com.withdrawFromAccount.MakeAWithdrawFromAllAccountsTest -->
