<?xml version="1.0" encoding="UTF-8"?>
<!-- Generated by org.testng.reporters.JUnitReportReporter -->
<testsuite hostname="DESKTOP-FD4QRKI" failures="0" tests="1" name="com.withdrawFromAccount.MakeAWithdrawTest" time="15.365" errors="0" timestamp="2022-08-12T11:35:07 IST" skipped="0">
  <testcase classname="com.withdrawFromAccount.MakeAWithdrawTest" name="makeAWithdraw" time="15.365"/>
  <system-out/>
</testsuite> <!-- com.withdrawFromAccount.MakeAWithdrawTest -->
