<?xml version="1.0" encoding="UTF-8"?>
<!-- Generated by org.testng.reporters.JUnitReportReporter -->
<testsuite hostname="DESKTOP-FD4QRKI" failures="0" tests="1" name="com.createAccount.ImportDepositAccountsTest" time="11.015" errors="0" timestamp="2022-08-21T11:30:48 IST" skipped="0">
  <testcase classname="com.createAccount.ImportDepositAccountsTest" name="importDepositAccounts" time="11.015"/>
  <system-out/>
</testsuite> <!-- com.createAccount.ImportDepositAccountsTest -->
