<?xml version="1.0" encoding="UTF-8"?>
<!-- Generated by org.testng.reporters.JUnitReportReporter -->
<testsuite hostname="DESKTOP-FD4QRKI" failures="0" tests="1" name="com.interest.SetAutomaticInterestRateTest" time="11.780" errors="0" timestamp="2022-08-12T12:24:55 IST" skipped="0">
  <testcase classname="com.interest.SetAutomaticInterestRateTest" name="setAutomaticInterestRate" time="11.780"/>
  <system-out/>
</testsuite> <!-- com.interest.SetAutomaticInterestRateTest -->
