<?xml version="1.0" encoding="UTF-8"?>
<!-- Generated by org.testng.reporters.JUnitReportReporter -->
<testsuite hostname="DESKTOP-FD4QRKI" failures="0" tests="1" name="com.createAccount.CreateNewDepositAccountTest" time="10.806" errors="0" timestamp="2022-08-18T17:43:49 IST" skipped="0">
  <testcase classname="com.createAccount.CreateNewDepositAccountTest" name="createNewDepositAccount" time="10.806"/>
  <system-out/>
</testsuite> <!-- com.createAccount.CreateNewDepositAccountTest -->
