<?xml version="1.0" encoding="UTF-8"?>
<!-- Generated by org.testng.reporters.JUnitReportReporter -->
<testsuite hostname="DESKTOP-FD4QRKI" failures="0" tests="1" name="com.automaticTransactions.SetAutomaticDepositToAllAccountsTest" time="12.903" errors="0" timestamp="2022-08-18T17:43:49 IST" skipped="0">
  <testcase classname="com.automaticTransactions.SetAutomaticDepositToAllAccountsTest" name="setAutomaticDepositToAllAccounts" time="12.903"/>
  <system-out/>
</testsuite> <!-- com.automaticTransactions.SetAutomaticDepositToAllAccountsTest -->
