<?xml version="1.0" encoding="UTF-8"?>
<!-- Generated by org.testng.reporters.JUnitReportReporter -->
<testsuite hostname="DESKTOP-FD4QRKI" failures="0" tests="1" name="com.deleteAccount.DeleteDepositAccountsTest" time="15.603" errors="0" timestamp="2022-08-18T17:43:49 IST" skipped="0">
  <testcase classname="com.deleteAccount.DeleteDepositAccountsTest" name="deleteDepositAccounts" time="15.603"/>
  <system-out/>
</testsuite> <!-- com.deleteAccount.DeleteDepositAccountsTest -->
