<?xml version="1.0" encoding="UTF-8"?>
<!-- Generated by org.testng.reporters.JUnitReportReporter -->
<testsuite hostname="DESKTOP-FD4QRKI" failures="0" tests="1" name="com.mykidsbank.ImportDepositAccountsTest" time="11.260" errors="0" timestamp="2022-08-12T11:10:57 IST" skipped="0">
  <testcase classname="com.mykidsbank.ImportDepositAccountsTest" name="importDepositAccounts" time="11.260"/>
  <system-out/>
</testsuite> <!-- com.mykidsbank.ImportDepositAccountsTest -->
